C:\ProgramData\anaconda3\Lib\site-packages\sklearn\gaussian_process\kernels.py:419: ConvergenceWarning: The optimal value found for dimension 0 of parameter k1__k1__constant_value is close to the specified lower bound 1.0. Decreasing the bound and calling fit again may find a better value.
  warnings.warn(
C:\ProgramData\anaconda3\Lib\site-packages\sklearn\gaussian_process\kernels.py:419: ConvergenceWarning: The optimal value found for dimension 0 of parameter k1__k1__constant_value is close to the specified lower bound 1.0. Decreasing the bound and calling fit again may find a better value.
  warnings.warn(
C:\ProgramData\anaconda3\Lib\site-packages\sklearn\gaussian_process\kernels.py:419: ConvergenceWarning: The optimal value found for dimension 0 of parameter k1__k1__constant_value is close to the specified lower bound 1.0. Decreasing the bound and calling fit again may find a better value.
  warnings.warn(
C:\ProgramData\anaconda3\Lib\site-packages\sklearn\gaussian_process\kernels.py:419: ConvergenceWarning: The optimal value found for dimension 0 of parameter k1__k1__constant_value is close to the specified lower bound 1.0. Decreasing the bound and calling fit again may find a better value.
  warnings.warn(
C:\ProgramData\anaconda3\Lib\site-packages\sklearn\gaussian_process\kernels.py:419: ConvergenceWarning: The optimal value found for dimension 0 of parameter k1__k1__constant_value is close to the specified lower bound 1.0. Decreasing the bound and calling fit again may find a better value.
  warnings.warn(
C:\ProgramData\anaconda3\Lib\site-packages\sklearn\gaussian_process\kernels.py:419: ConvergenceWarning: The optimal value found for dimension 0 of parameter k1__k1__constant_value is close to the specified lower bound 1.0. Decreasing the bound and calling fit again may find a better value.
  warnings.warn(
C:\ProgramData\anaconda3\Lib\site-packages\sklearn\gaussian_process\kernels.py:419: ConvergenceWarning: The optimal value found for dimension 0 of parameter k1__k1__constant_value is close to the specified lower bound 1.0. Decreasing the bound and calling fit again may find a better value.
  warnings.warn(
C:\ProgramData\anaconda3\Lib\site-packages\sklearn\gaussian_process\kernels.py:419: ConvergenceWarning: The optimal value found for dimension 0 of parameter k1__k1__constant_value is close to the specified lower bound 1.0. Decreasing the bound and calling fit again may find a better value.
  warnings.warn(
C:\ProgramData\anaconda3\Lib\site-packages\sklearn\gaussian_process\kernels.py:419: ConvergenceWarning: The optimal value found for dimension 0 of parameter k1__k1__constant_value is close to the specified lower bound 1.0. Decreasing the bound and calling fit again may find a better value.
  warnings.warn(
C:\ProgramData\anaconda3\Lib\site-packages\sklearn\gaussian_process\kernels.py:419: ConvergenceWarning: The optimal value found for dimension 0 of parameter k1__k1__constant_value is close to the specified lower bound 1.0. Decreasing the bound and calling fit again may find a better value.
  warnings.warn(
C:\ProgramData\anaconda3\Lib\site-packages\sklearn\gaussian_process\kernels.py:419: ConvergenceWarning: The optimal value found for dimension 0 of parameter k1__k1__constant_value is close to the specified lower bound 1.0. Decreasing the bound and calling fit again may find a better value.
  warnings.warn(
C:\ProgramData\anaconda3\Lib\site-packages\sklearn\gaussian_process\kernels.py:419: ConvergenceWarning: The optimal value found for dimension 0 of parameter k1__k1__constant_value is close to the specified lower bound 1.0. Decreasing the bound and calling fit again may find a better value.
  warnings.warn(
C:\ProgramData\anaconda3\Lib\site-packages\sklearn\gaussian_process\kernels.py:419: ConvergenceWarning: The optimal value found for dimension 0 of parameter k1__k1__constant_value is close to the specified lower bound 1.0. Decreasing the bound and calling fit again may find a better value.
  warnings.warn(
C:\ProgramData\anaconda3\Lib\site-packages\sklearn\gaussian_process\kernels.py:419: ConvergenceWarning: The optimal value found for dimension 0 of parameter k1__k1__constant_value is close to the specified lower bound 1.0. Decreasing the bound and calling fit again may find a better value.
  warnings.warn(
C:\ProgramData\anaconda3\Lib\site-packages\sklearn\gaussian_process\kernels.py:419: ConvergenceWarning: The optimal value found for dimension 0 of parameter k1__k1__constant_value is close to the specified lower bound 1.0. Decreasing the bound and calling fit again may find a better value.
  warnings.warn(
C:\ProgramData\anaconda3\Lib\site-packages\sklearn\gaussian_process\kernels.py:419: ConvergenceWarning: The optimal value found for dimension 0 of parameter k1__k1__constant_value is close to the specified lower bound 1.0. Decreasing the bound and calling fit again may find a better value.
  warnings.warn(
C:\ProgramData\anaconda3\Lib\site-packages\sklearn\gaussian_process\kernels.py:419: ConvergenceWarning: The optimal value found for dimension 0 of parameter k1__k1__constant_value is close to the specified lower bound 1.0. Decreasing the bound and calling fit again may find a better value.
  warnings.warn(
C:\ProgramData\anaconda3\Lib\site-packages\sklearn\gaussian_process\kernels.py:419: ConvergenceWarning: The optimal value found for dimension 0 of parameter k1__k1__constant_value is close to the specified lower bound 1.0. Decreasing the bound and calling fit again may find a better value.
  warnings.warn(
C:\ProgramData\anaconda3\Lib\site-packages\sklearn\gaussian_process\kernels.py:419: ConvergenceWarning: The optimal value found for dimension 0 of parameter k1__k1__constant_value is close to the specified lower bound 1.0. Decreasing the bound and calling fit again may find a better value.
  warnings.warn(
C:\ProgramData\anaconda3\Lib\site-packages\sklearn\gaussian_process\kernels.py:419: ConvergenceWarning: The optimal value found for dimension 0 of parameter k1__k1__constant_value is close to the specified lower bound 1.0. Decreasing the bound and calling fit again may find a better value.
  warnings.warn(
C:\ProgramData\anaconda3\Lib\site-packages\sklearn\gaussian_process\kernels.py:419: ConvergenceWarning: The optimal value found for dimension 0 of parameter k1__k1__constant_value is close to the specified lower bound 1.0. Decreasing the bound and calling fit again may find a better value.
  warnings.warn(
C:\ProgramData\anaconda3\Lib\site-packages\sklearn\gaussian_process\kernels.py:419: ConvergenceWarning: The optimal value found for dimension 0 of parameter k1__k1__constant_value is close to the specified lower bound 1.0. Decreasing the bound and calling fit again may find a better value.
  warnings.warn(
C:\ProgramData\anaconda3\Lib\site-packages\sklearn\gaussian_process\kernels.py:419: ConvergenceWarning: The optimal value found for dimension 0 of parameter k1__k1__constant_value is close to the specified lower bound 1.0. Decreasing the bound and calling fit again may find a better value.
  warnings.warn(
C:\ProgramData\anaconda3\Lib\site-packages\sklearn\gaussian_process\kernels.py:419: ConvergenceWarning: The optimal value found for dimension 0 of parameter k1__k1__constant_value is close to the specified lower bound 1.0. Decreasing the bound and calling fit again may find a better value.
  warnings.warn(
C:\ProgramData\anaconda3\Lib\site-packages\sklearn\gaussian_process\kernels.py:419: ConvergenceWarning: The optimal value found for dimension 0 of parameter k1__k1__constant_value is close to the specified lower bound 1.0. Decreasing the bound and calling fit again may find a better value.
  warnings.warn(
C:\ProgramData\anaconda3\Lib\site-packages\sklearn\gaussian_process\kernels.py:419: ConvergenceWarning: The optimal value found for dimension 0 of parameter k1__k1__constant_value is close to the specified lower bound 1.0. Decreasing the bound and calling fit again may find a better value.
  warnings.warn(
C:\ProgramData\anaconda3\Lib\site-packages\sklearn\gaussian_process\kernels.py:419: ConvergenceWarning: The optimal value found for dimension 0 of parameter k1__k1__constant_value is close to the specified lower bound 1.0. Decreasing the bound and calling fit again may find a better value.
  warnings.warn(
C:\ProgramData\anaconda3\Lib\site-packages\sklearn\gaussian_process\kernels.py:419: ConvergenceWarning: The optimal value found for dimension 0 of parameter k1__k1__constant_value is close to the specified lower bound 1.0. Decreasing the bound and calling fit again may find a better value.
  warnings.warn(
C:\ProgramData\anaconda3\Lib\site-packages\sklearn\gaussian_process\kernels.py:429: ConvergenceWarning: The optimal value found for dimension 0 of parameter k1__k2__length_scale is close to the specified upper bound 10.0. Increasing the bound and calling fit again may find a better value.
  warnings.warn(
C:\ProgramData\anaconda3\Lib\site-packages\sklearn\gaussian_process\kernels.py:419: ConvergenceWarning: The optimal value found for dimension 0 of parameter k1__k1__constant_value is close to the specified lower bound 1.0. Decreasing the bound and calling fit again may find a better value.
  warnings.warn(
C:\ProgramData\anaconda3\Lib\site-packages\sklearn\gaussian_process\kernels.py:429: ConvergenceWarning: The optimal value found for dimension 0 of parameter k1__k2__length_scale is close to the specified upper bound 10.0. Increasing the bound and calling fit again may find a better value.
  warnings.warn(
C:\ProgramData\anaconda3\Lib\site-packages\sklearn\gaussian_process\kernels.py:419: ConvergenceWarning: The optimal value found for dimension 0 of parameter k1__k1__constant_value is close to the specified lower bound 1.0. Decreasing the bound and calling fit again may find a better value.
  warnings.warn(
C:\ProgramData\anaconda3\Lib\site-packages\sklearn\gaussian_process\kernels.py:419: ConvergenceWarning: The optimal value found for dimension 0 of parameter k1__k1__constant_value is close to the specified lower bound 1.0. Decreasing the bound and calling fit again may find a better value.
  warnings.warn(
C:\ProgramData\anaconda3\Lib\site-packages\sklearn\gaussian_process\kernels.py:419: ConvergenceWarning: The optimal value found for dimension 0 of parameter k1__k1__constant_value is close to the specified lower bound 1.0. Decreasing the bound and calling fit again may find a better value.
  warnings.warn(
C:\ProgramData\anaconda3\Lib\site-packages\sklearn\gaussian_process\kernels.py:419: ConvergenceWarning: The optimal value found for dimension 0 of parameter k1__k1__constant_value is close to the specified lower bound 1.0. Decreasing the bound and calling fit again may find a better value.
  warnings.warn(
C:\ProgramData\anaconda3\Lib\site-packages\sklearn\gaussian_process\kernels.py:419: ConvergenceWarning: The optimal value found for dimension 0 of parameter k1__k1__constant_value is close to the specified lower bound 1.0. Decreasing the bound and calling fit again may find a better value.
  warnings.warn(
C:\ProgramData\anaconda3\Lib\site-packages\sklearn\gaussian_process\kernels.py:419: ConvergenceWarning: The optimal value found for dimension 0 of parameter k1__k1__constant_value is close to the specified lower bound 1.0. Decreasing the bound and calling fit again may find a better value.
  warnings.warn(
C:\ProgramData\anaconda3\Lib\site-packages\sklearn\gaussian_process\kernels.py:419: ConvergenceWarning: The optimal value found for dimension 0 of parameter k1__k1__constant_value is close to the specified lower bound 1.0. Decreasing the bound and calling fit again may find a better value.
  warnings.warn(
C:\ProgramData\anaconda3\Lib\site-packages\sklearn\gaussian_process\kernels.py:419: ConvergenceWarning: The optimal value found for dimension 0 of parameter k1__k1__constant_value is close to the specified lower bound 1.0. Decreasing the bound and calling fit again may find a better value.
  warnings.warn(
C:\ProgramData\anaconda3\Lib\site-packages\sklearn\gaussian_process\kernels.py:419: ConvergenceWarning: The optimal value found for dimension 0 of parameter k1__k1__constant_value is close to the specified lower bound 1.0. Decreasing the bound and calling fit again may find a better value.
  warnings.warn(
C:\ProgramData\anaconda3\Lib\site-packages\sklearn\gaussian_process\kernels.py:419: ConvergenceWarning: The optimal value found for dimension 0 of parameter k1__k2__length_scale is close to the specified lower bound 0.5. Decreasing the bound and calling fit again may find a better value.
  warnings.warn(
C:\ProgramData\anaconda3\Lib\site-packages\sklearn\gaussian_process\kernels.py:419: ConvergenceWarning: The optimal value found for dimension 0 of parameter k1__k1__constant_value is close to the specified lower bound 1.0. Decreasing the bound and calling fit again may find a better value.
  warnings.warn(
C:\ProgramData\anaconda3\Lib\site-packages\sklearn\gaussian_process\kernels.py:419: ConvergenceWarning: The optimal value found for dimension 0 of parameter k1__k1__constant_value is close to the specified lower bound 1.0. Decreasing the bound and calling fit again may find a better value.
  warnings.warn(
C:\ProgramData\anaconda3\Lib\site-packages\sklearn\gaussian_process\kernels.py:419: ConvergenceWarning: The optimal value found for dimension 0 of parameter k1__k2__length_scale is close to the specified lower bound 0.5. Decreasing the bound and calling fit again may find a better value.
  warnings.warn(
C:\ProgramData\anaconda3\Lib\site-packages\sklearn\gaussian_process\kernels.py:419: ConvergenceWarning: The optimal value found for dimension 0 of parameter k1__k2__length_scale is close to the specified lower bound 0.5. Decreasing the bound and calling fit again may find a better value.
  warnings.warn(
C:\ProgramData\anaconda3\Lib\site-packages\sklearn\gaussian_process\kernels.py:419: ConvergenceWarning: The optimal value found for dimension 0 of parameter k1__k1__constant_value is close to the specified lower bound 1.0. Decreasing the bound and calling fit again may find a better value.
  warnings.warn(
C:\ProgramData\anaconda3\Lib\site-packages\sklearn\gaussian_process\kernels.py:419: ConvergenceWarning: The optimal value found for dimension 0 of parameter k1__k1__constant_value is close to the specified lower bound 1.0. Decreasing the bound and calling fit again may find a better value.
  warnings.warn(
C:\ProgramData\anaconda3\Lib\site-packages\sklearn\gaussian_process\kernels.py:419: ConvergenceWarning: The optimal value found for dimension 0 of parameter k1__k1__constant_value is close to the specified lower bound 1.0. Decreasing the bound and calling fit again may find a better value.
  warnings.warn(
C:\ProgramData\anaconda3\Lib\site-packages\sklearn\gaussian_process\kernels.py:419: ConvergenceWarning: The optimal value found for dimension 0 of parameter k1__k1__constant_value is close to the specified lower bound 1.0. Decreasing the bound and calling fit again may find a better value.
  warnings.warn(
C:\ProgramData\anaconda3\Lib\site-packages\sklearn\gaussian_process\kernels.py:419: ConvergenceWarning: The optimal value found for dimension 0 of parameter k1__k1__constant_value is close to the specified lower bound 1.0. Decreasing the bound and calling fit again may find a better value.
  warnings.warn(
C:\ProgramData\anaconda3\Lib\site-packages\sklearn\gaussian_process\kernels.py:429: ConvergenceWarning: The optimal value found for dimension 0 of parameter k1__k2__length_scale is close to the specified upper bound 10.0. Increasing the bound and calling fit again may find a better value.
  warnings.warn(
C:\ProgramData\anaconda3\Lib\site-packages\sklearn\gaussian_process\kernels.py:419: ConvergenceWarning: The optimal value found for dimension 0 of parameter k1__k1__constant_value is close to the specified lower bound 1.0. Decreasing the bound and calling fit again may find a better value.
  warnings.warn(
C:\ProgramData\anaconda3\Lib\site-packages\sklearn\gaussian_process\kernels.py:429: ConvergenceWarning: The optimal value found for dimension 0 of parameter k1__k2__length_scale is close to the specified upper bound 10.0. Increasing the bound and calling fit again may find a better value.
  warnings.warn(
C:\ProgramData\anaconda3\Lib\site-packages\sklearn\gaussian_process\kernels.py:419: ConvergenceWarning: The optimal value found for dimension 0 of parameter k1__k1__constant_value is close to the specified lower bound 1.0. Decreasing the bound and calling fit again may find a better value.
  warnings.warn(
C:\ProgramData\anaconda3\Lib\site-packages\sklearn\gaussian_process\kernels.py:429: ConvergenceWarning: The optimal value found for dimension 0 of parameter k1__k2__length_scale is close to the specified upper bound 10.0. Increasing the bound and calling fit again may find a better value.
  warnings.warn(
C:\ProgramData\anaconda3\Lib\site-packages\sklearn\gaussian_process\kernels.py:419: ConvergenceWarning: The optimal value found for dimension 0 of parameter k1__k1__constant_value is close to the specified lower bound 1.0. Decreasing the bound and calling fit again may find a better value.
  warnings.warn(
C:\ProgramData\anaconda3\Lib\site-packages\sklearn\gaussian_process\kernels.py:419: ConvergenceWarning: The optimal value found for dimension 0 of parameter k1__k1__constant_value is close to the specified lower bound 1.0. Decreasing the bound and calling fit again may find a better value.
  warnings.warn(
C:\ProgramData\anaconda3\Lib\site-packages\sklearn\gaussian_process\kernels.py:419: ConvergenceWarning: The optimal value found for dimension 0 of parameter k1__k1__constant_value is close to the specified lower bound 1.0. Decreasing the bound and calling fit again may find a better value.
  warnings.warn(
C:\ProgramData\anaconda3\Lib\site-packages\sklearn\gaussian_process\kernels.py:429: ConvergenceWarning: The optimal value found for dimension 0 of parameter k1__k2__length_scale is close to the specified upper bound 10.0. Increasing the bound and calling fit again may find a better value.
  warnings.warn(
C:\ProgramData\anaconda3\Lib\site-packages\sklearn\gaussian_process\kernels.py:419: ConvergenceWarning: The optimal value found for dimension 0 of parameter k1__k1__constant_value is close to the specified lower bound 1.0. Decreasing the bound and calling fit again may find a better value.
  warnings.warn(
C:\ProgramData\anaconda3\Lib\site-packages\sklearn\gaussian_process\kernels.py:419: ConvergenceWarning: The optimal value found for dimension 0 of parameter k1__k1__constant_value is close to the specified lower bound 1.0. Decreasing the bound and calling fit again may find a better value.
  warnings.warn(
C:\ProgramData\anaconda3\Lib\site-packages\sklearn\gaussian_process\kernels.py:419: ConvergenceWarning: The optimal value found for dimension 0 of parameter k1__k1__constant_value is close to the specified lower bound 1.0. Decreasing the bound and calling fit again may find a better value.
  warnings.warn(
C:\ProgramData\anaconda3\Lib\site-packages\sklearn\gaussian_process\kernels.py:429: ConvergenceWarning: The optimal value found for dimension 0 of parameter k1__k2__length_scale is close to the specified upper bound 10.0. Increasing the bound and calling fit again may find a better value.
  warnings.warn(
C:\ProgramData\anaconda3\Lib\site-packages\sklearn\gaussian_process\kernels.py:419: ConvergenceWarning: The optimal value found for dimension 0 of parameter k1__k1__constant_value is close to the specified lower bound 1.0. Decreasing the bound and calling fit again may find a better value.
  warnings.warn(
C:\ProgramData\anaconda3\Lib\site-packages\sklearn\gaussian_process\kernels.py:419: ConvergenceWarning: The optimal value found for dimension 0 of parameter k1__k1__constant_value is close to the specified lower bound 1.0. Decreasing the bound and calling fit again may find a better value.
  warnings.warn(
C:\ProgramData\anaconda3\Lib\site-packages\sklearn\gaussian_process\kernels.py:419: ConvergenceWarning: The optimal value found for dimension 0 of parameter k1__k1__constant_value is close to the specified lower bound 1.0. Decreasing the bound and calling fit again may find a better value.
  warnings.warn(
C:\ProgramData\anaconda3\Lib\site-packages\sklearn\gaussian_process\kernels.py:429: ConvergenceWarning: The optimal value found for dimension 0 of parameter k1__k2__length_scale is close to the specified upper bound 10.0. Increasing the bound and calling fit again may find a better value.
  warnings.warn(
C:\ProgramData\anaconda3\Lib\site-packages\sklearn\gaussian_process\kernels.py:419: ConvergenceWarning: The optimal value found for dimension 0 of parameter k1__k1__constant_value is close to the specified lower bound 1.0. Decreasing the bound and calling fit again may find a better value.
  warnings.warn(
C:\ProgramData\anaconda3\Lib\site-packages\sklearn\gaussian_process\kernels.py:419: ConvergenceWarning: The optimal value found for dimension 0 of parameter k1__k1__constant_value is close to the specified lower bound 1.0. Decreasing the bound and calling fit again may find a better value.
  warnings.warn(
C:\ProgramData\anaconda3\Lib\site-packages\sklearn\gaussian_process\kernels.py:419: ConvergenceWarning: The optimal value found for dimension 0 of parameter k1__k2__length_scale is close to the specified lower bound 0.5. Decreasing the bound and calling fit again may find a better value.
  warnings.warn(
C:\ProgramData\anaconda3\Lib\site-packages\sklearn\gaussian_process\kernels.py:419: ConvergenceWarning: The optimal value found for dimension 0 of parameter k1__k1__constant_value is close to the specified lower bound 1.0. Decreasing the bound and calling fit again may find a better value.
  warnings.warn(
C:\ProgramData\anaconda3\Lib\site-packages\sklearn\gaussian_process\kernels.py:429: ConvergenceWarning: The optimal value found for dimension 0 of parameter k1__k2__length_scale is close to the specified upper bound 10.0. Increasing the bound and calling fit again may find a better value.
  warnings.warn(
C:\ProgramData\anaconda3\Lib\site-packages\sklearn\gaussian_process\kernels.py:419: ConvergenceWarning: The optimal value found for dimension 0 of parameter k1__k1__constant_value is close to the specified lower bound 1.0. Decreasing the bound and calling fit again may find a better value.
  warnings.warn(
C:\ProgramData\anaconda3\Lib\site-packages\sklearn\gaussian_process\kernels.py:419: ConvergenceWarning: The optimal value found for dimension 0 of parameter k1__k1__constant_value is close to the specified lower bound 1.0. Decreasing the bound and calling fit again may find a better value.
  warnings.warn(
C:\ProgramData\anaconda3\Lib\site-packages\sklearn\gaussian_process\kernels.py:429: ConvergenceWarning: The optimal value found for dimension 0 of parameter k1__k2__length_scale is close to the specified upper bound 10.0. Increasing the bound and calling fit again may find a better value.
  warnings.warn(
C:\ProgramData\anaconda3\Lib\site-packages\sklearn\gaussian_process\kernels.py:419: ConvergenceWarning: The optimal value found for dimension 0 of parameter k1__k1__constant_value is close to the specified lower bound 1.0. Decreasing the bound and calling fit again may find a better value.
  warnings.warn(
C:\ProgramData\anaconda3\Lib\site-packages\sklearn\gaussian_process\kernels.py:419: ConvergenceWarning: The optimal value found for dimension 0 of parameter k1__k1__constant_value is close to the specified lower bound 1.0. Decreasing the bound and calling fit again may find a better value.
  warnings.warn(
C:\ProgramData\anaconda3\Lib\site-packages\sklearn\gaussian_process\kernels.py:419: ConvergenceWarning: The optimal value found for dimension 0 of parameter k1__k1__constant_value is close to the specified lower bound 1.0. Decreasing the bound and calling fit again may find a better value.
  warnings.warn(
C:\ProgramData\anaconda3\Lib\site-packages\sklearn\gaussian_process\kernels.py:419: ConvergenceWarning: The optimal value found for dimension 0 of parameter k1__k1__constant_value is close to the specified lower bound 1.0. Decreasing the bound and calling fit again may find a better value.
  warnings.warn(
C:\ProgramData\anaconda3\Lib\site-packages\sklearn\gaussian_process\kernels.py:429: ConvergenceWarning: The optimal value found for dimension 0 of parameter k1__k2__length_scale is close to the specified upper bound 10.0. Increasing the bound and calling fit again may find a better value.
  warnings.warn(
C:\ProgramData\anaconda3\Lib\site-packages\sklearn\gaussian_process\kernels.py:419: ConvergenceWarning: The optimal value found for dimension 0 of parameter k1__k1__constant_value is close to the specified lower bound 1.0. Decreasing the bound and calling fit again may find a better value.
  warnings.warn(
C:\ProgramData\anaconda3\Lib\site-packages\sklearn\gaussian_process\kernels.py:429: ConvergenceWarning: The optimal value found for dimension 0 of parameter k1__k2__length_scale is close to the specified upper bound 10.0. Increasing the bound and calling fit again may find a better value.
  warnings.warn(
C:\ProgramData\anaconda3\Lib\site-packages\sklearn\gaussian_process\kernels.py:419: ConvergenceWarning: The optimal value found for dimension 0 of parameter k1__k1__constant_value is close to the specified lower bound 1.0. Decreasing the bound and calling fit again may find a better value.
  warnings.warn(
C:\ProgramData\anaconda3\Lib\site-packages\sklearn\gaussian_process\kernels.py:429: ConvergenceWarning: The optimal value found for dimension 0 of parameter k1__k2__length_scale is close to the specified upper bound 10.0. Increasing the bound and calling fit again may find a better value.
  warnings.warn(
C:\ProgramData\anaconda3\Lib\site-packages\sklearn\gaussian_process\kernels.py:419: ConvergenceWarning: The optimal value found for dimension 0 of parameter k1__k1__constant_value is close to the specified lower bound 1.0. Decreasing the bound and calling fit again may find a better value.
  warnings.warn(
C:\ProgramData\anaconda3\Lib\site-packages\sklearn\gaussian_process\kernels.py:419: ConvergenceWarning: The optimal value found for dimension 0 of parameter k1__k1__constant_value is close to the specified lower bound 1.0. Decreasing the bound and calling fit again may find a better value.
  warnings.warn(
C:\ProgramData\anaconda3\Lib\site-packages\sklearn\gaussian_process\kernels.py:419: ConvergenceWarning: The optimal value found for dimension 0 of parameter k1__k1__constant_value is close to the specified lower bound 1.0. Decreasing the bound and calling fit again may find a better value.
  warnings.warn(
C:\ProgramData\anaconda3\Lib\site-packages\sklearn\gaussian_process\kernels.py:419: ConvergenceWarning: The optimal value found for dimension 0 of parameter k1__k1__constant_value is close to the specified lower bound 1.0. Decreasing the bound and calling fit again may find a better value.
  warnings.warn(
device: cuda
[load] real records ...
  Split A: train 1449, test 363

[gen] fitting GPs on Split A train (1449 mixed records) ...
[fit] training 80 GPs (only those with >=15 detections)...
  fit 20/80  (197.4s)
  fit 40/80  (233.2s)
  fit 60/80  (234.5s)
[fit] done: 73 GPs trained, 7 skipped  (234.8s)
[gen] sampling 5000 synthetic positions ...
[gen] synthesizing 5000 scans ...
[synth] fitting KNN detection classifier (k=10)...
[synth] sampling 5000 synthetic scans over 73 fitted APs...
  20/73  F4:2E:7F:D2:93:A1  detected 3732/5000 positions
  40/73  F4:54:24:77:67:15  detected 308/5000 positions
  60/73  08:BF:B8:7A:DD:08  detected 118/5000 positions
[synth] done  (5.7s)
[gen] synth APs/scan: mean 27.5 (real avg ~27.7)

══════════ A: real Split A train (1449) ══════════
  [A_real_only_splitA] epoch   1  val_loss 4.6806  best 4.6806
  [A_real_only_splitA] epoch  30  val_loss 2.6545  best 2.5218
  [A_real_only_splitA] epoch  60  val_loss 2.0563  best 2.0174
  [A_real_only_splitA] epoch  90  val_loss 1.9500  best 1.9284
  [A_real_only_splitA] epoch 120  val_loss 2.0145  best 1.8525
  [A_real_only_splitA] epoch 150  val_loss 1.8739  best 1.7682
  [A_real_only_splitA] early stop @ epoch 172, best val = 1.7682
  RESULT A: median=1.119  mean=1.360  p90=3.079

══════════ B: real Split A train + 5000 synthetic ══════════
  train size: 6449 (real 1449 + synth 5000)
  [B_real_plus_synth_splitA] epoch   1  val_loss 4.4889  best 4.4889
  [B_real_plus_synth_splitA] epoch  30  val_loss 2.1376  best 2.0781
  [B_real_plus_synth_splitA] epoch  60  val_loss 2.1585  best 1.9576
  [B_real_plus_synth_splitA] epoch  90  val_loss 2.0083  best 1.9170
  [B_real_plus_synth_splitA] epoch 120  val_loss 2.0485  best 1.8608
  [B_real_plus_synth_splitA] epoch 150  val_loss 2.0666  best 1.8608
  [B_real_plus_synth_splitA] early stop @ epoch 159, best val = 1.8608
  RESULT B: median=0.906  mean=1.267  p90=3.064

══════════ COMPARISON (Split A) ══════════
  A (real only):    median=1.119  p90=3.079
  B (real+synth):   median=0.906  p90=3.064
  Δ median: -0.212 m (-19.0%)
  Δ p90:    -0.015 m (-0.5%)

[save] -> metrics.csv (added 2 rows)
