device: cuda
[load] real records...
  morning 912, evening 900
[load] synthetic data...
  synthetic: 5000

══════════ A: real morning only (baseline) ══════════
  [A_real_only] epoch   1  val_loss 4.5324  best 4.5324
  [A_real_only] epoch  30  val_loss 3.6884  best 3.6884
  [A_real_only] epoch  60  val_loss 4.2339  best 3.6421
  [A_real_only] early stop @ epoch 81, best val = 3.6421
  RESULT A: median=1.726  mean=1.980  p90=3.873

══════════ B: real morning + 5000 synthetic ══════════
  train size: 5912 (real 912 + synth 5000)
  [B_real_plus_synth] epoch   1  val_loss 4.7232  best 4.7232
  [B_real_plus_synth] epoch  30  val_loss 4.6577  best 3.7637
  [B_real_plus_synth] early stop @ epoch 57, best val = 3.7637
  RESULT B: median=1.811  mean=2.157  p90=4.199

══════════ COMPARISON ══════════
  A (real only):    median=1.726  p90=3.873
  B (real+synth):   median=1.811  p90=4.199
  Δ median: +0.085 m (+4.9%)
  Δ p90:    +0.326 m (+8.4%)

[save] -> metrics.csv (added 2 rows)
